Vivado Simulator v2022.1
Copyright 1986-1999, 2001-2022 Xilinx, Inc. All Rights Reserved.
Running: C:/Xilinx/Vivado/2022.1/bin/unwrapped/win64.o/xelab.exe xil_defaultlib.apatb_pip_kernel_top glbl -Oenable_linking_all_libraries -prj pip_kernel.prj -L smartconnect_v1_0 -L axi_protocol_checker_v1_1_12 -L axi_protocol_checker_v1_1_13 -L axis_protocol_checker_v1_1_11 -L axis_protocol_checker_v1_1_12 -L xil_defaultlib -L unisims -L unisims_ver -L xpm -L floating_point_v7_0_20 -L floating_point_v7_1_14 --lib ieee_proposed=./ieee_proposed -s pip_kernel -debug wave 
Multi-threading is on. Using 14 slave threads.
Determining compilation order of HDL files.
INFO: [VRFC 10-2263] Analyzing SystemVerilog file "C:/Users/fpga/workspace/pip_hls_kernel/pip_hls_kernel/solution1/sim/vhdl/glbl.v" into library work
INFO: [VRFC 10-311] analyzing module glbl
INFO: [VRFC 10-163] Analyzing VHDL file "C:/Users/fpga/workspace/pip_hls_kernel/pip_hls_kernel/solution1/sim/vhdl/AESL_sim_pkg.vhd" into library xil_defaultlib
INFO: [VRFC 10-163] Analyzing VHDL file "C:/Users/fpga/workspace/pip_hls_kernel/pip_hls_kernel/solution1/sim/vhdl/AESL_axi_master_gmem.vhd" into library xil_defaultlib
INFO: [VRFC 10-3107] analyzing entity 'AESL_axi_master_gmem'
INFO: [VRFC 10-163] Analyzing VHDL file "C:/Users/fpga/workspace/pip_hls_kernel/pip_hls_kernel/solution1/sim/vhdl/AESL_axi_slave_control.vhd" into library xil_defaultlib
INFO: [VRFC 10-3107] analyzing entity 'AESL_axi_slave_control'
INFO: [VRFC 10-163] Analyzing VHDL file "C:/Users/fpga/workspace/pip_hls_kernel/pip_hls_kernel/solution1/sim/vhdl/AESL_axi_s_out_r.vhd" into library xil_defaultlib
INFO: [VRFC 10-3107] analyzing entity 'AESL_axi_s_out_r'
INFO: [VRFC 10-163] Analyzing VHDL file "C:/Users/fpga/workspace/pip_hls_kernel/pip_hls_kernel/solution1/sim/vhdl/AESL_axi_s_points.vhd" into library xil_defaultlib
INFO: [VRFC 10-3107] analyzing entity 'AESL_axi_s_points'
INFO: [VRFC 10-163] Analyzing VHDL file "C:/Users/fpga/workspace/pip_hls_kernel/pip_hls_kernel/solution1/sim/vhdl/pip_kernel.autotb.vhd" into library xil_defaultlib
INFO: [VRFC 10-3107] analyzing entity 'apatb_pip_kernel_top'
INFO: [VRFC 10-163] Analyzing VHDL file "C:/Users/fpga/workspace/pip_hls_kernel/pip_hls_kernel/solution1/sim/vhdl/pip_kernel.vhd" into library xil_defaultlib
INFO: [VRFC 10-3107] analyzing entity 'pip_kernel'
INFO: [VRFC 10-163] Analyzing VHDL file "C:/Users/fpga/workspace/pip_hls_kernel/pip_hls_kernel/solution1/sim/vhdl/pip_kernel_am_submul_18s_18s_18s_37_4_1.vhd" into library xil_defaultlib
INFO: [VRFC 10-3107] analyzing entity 'pip_kernel_am_submul_18s_18s_18s_37_4_1_DSP48_1'
INFO: [VRFC 10-3107] analyzing entity 'pip_kernel_am_submul_18s_18s_18s_37_4_1'
INFO: [VRFC 10-163] Analyzing VHDL file "C:/Users/fpga/workspace/pip_hls_kernel/pip_hls_kernel/solution1/sim/vhdl/pip_kernel_control_s_axi.vhd" into library xil_defaultlib
INFO: [VRFC 10-3107] analyzing entity 'pip_kernel_control_s_axi'
INFO: [VRFC 10-163] Analyzing VHDL file "C:/Users/fpga/workspace/pip_hls_kernel/pip_hls_kernel/solution1/sim/vhdl/pip_kernel_div_table_V_RAM_AUTO_1R1W.vhd" into library xil_defaultlib
INFO: [VRFC 10-3107] analyzing entity 'pip_kernel_div_table_V_RAM_AUTO_1R1W'
INFO: [VRFC 10-163] Analyzing VHDL file "C:/Users/fpga/workspace/pip_hls_kernel/pip_hls_kernel/solution1/sim/vhdl/pip_kernel_flow_control_loop_pipe_sequential_init.vhd" into library xil_defaultlib
INFO: [VRFC 10-3107] analyzing entity 'pip_kernel_flow_control_loop_pipe_sequential_init'
INFO: [VRFC 10-163] Analyzing VHDL file "C:/Users/fpga/workspace/pip_hls_kernel/pip_hls_kernel/solution1/sim/vhdl/pip_kernel_gmem_m_axi.vhd" into library xil_defaultlib
INFO: [VRFC 10-3107] analyzing entity 'pip_kernel_gmem_m_axi'
INFO: [VRFC 10-3107] analyzing entity 'pip_kernel_gmem_m_axi_load'
INFO: [VRFC 10-3107] analyzing entity 'pip_kernel_gmem_m_axi_store'
INFO: [VRFC 10-3107] analyzing entity 'pip_kernel_gmem_m_axi_flushManager'
INFO: [VRFC 10-3107] analyzing entity 'pip_kernel_gmem_m_axi_read'
INFO: [VRFC 10-3107] analyzing entity 'pip_kernel_gmem_m_axi_write'
INFO: [VRFC 10-3107] analyzing entity 'pip_kernel_gmem_m_axi_throttl'
INFO: [VRFC 10-3107] analyzing entity 'pip_kernel_gmem_m_axi_reg_slice'
INFO: [VRFC 10-3107] analyzing entity 'pip_kernel_gmem_m_axi_fifo'
INFO: [VRFC 10-3107] analyzing entity 'pip_kernel_gmem_m_axi_srl'
INFO: [VRFC 10-3107] analyzing entity 'pip_kernel_gmem_m_axi_mem'
INFO: [VRFC 10-163] Analyzing VHDL file "C:/Users/fpga/workspace/pip_hls_kernel/pip_hls_kernel/solution1/sim/vhdl/pip_kernel_mul_mul_18s_18s_36_4_1.vhd" into library xil_defaultlib
INFO: [VRFC 10-3107] analyzing entity 'pip_kernel_mul_mul_18s_18s_36_4_1_DSP48_0'
INFO: [VRFC 10-3107] analyzing entity 'pip_kernel_mul_mul_18s_18s_36_4_1'
INFO: [VRFC 10-163] Analyzing VHDL file "C:/Users/fpga/workspace/pip_hls_kernel/pip_hls_kernel/solution1/sim/vhdl/pip_kernel_pip_crossing2.vhd" into library xil_defaultlib
INFO: [VRFC 10-3107] analyzing entity 'pip_kernel_pip_crossing2'
INFO: [VRFC 10-163] Analyzing VHDL file "C:/Users/fpga/workspace/pip_hls_kernel/pip_hls_kernel/solution1/sim/vhdl/pip_kernel_pip_edges.vhd" into library xil_defaultlib
INFO: [VRFC 10-3107] analyzing entity 'pip_kernel_pip_edges'
INFO: [VRFC 10-163] Analyzing VHDL file "C:/Users/fpga/workspace/pip_hls_kernel/pip_hls_kernel/solution1/sim/vhdl/pip_kernel_pip_kernel_Pipeline_LOOP_INIT_DIV_TABLE.vhd" into library xil_defaultlib
INFO: [VRFC 10-3107] analyzing entity 'pip_kernel_pip_kernel_Pipeline_LOOP_INIT_DIV_TABLE'
INFO: [VRFC 10-163] Analyzing VHDL file "C:/Users/fpga/workspace/pip_hls_kernel/pip_hls_kernel/solution1/sim/vhdl/pip_kernel_regslice_both.vhd" into library xil_defaultlib
INFO: [VRFC 10-3107] analyzing entity 'pip_kernel_regslice_both'
INFO: [VRFC 10-3107] analyzing entity 'pip_kernel_regslice_both_w1'
INFO: [VRFC 10-163] Analyzing VHDL file "C:/Users/fpga/workspace/pip_hls_kernel/pip_hls_kernel/solution1/sim/vhdl/pip_kernel_sdiv_11ns_18ns_18_15_1.vhd" into library xil_defaultlib
INFO: [VRFC 10-3107] analyzing entity 'pip_kernel_sdiv_11ns_18ns_18_15_1_divider'
INFO: [VRFC 10-3107] analyzing entity 'pip_kernel_sdiv_11ns_18ns_18_15_1'
Starting static elaboration
Pass Through NonSizing Optimizer
Completed static elaboration
Starting simulation data flow analysis
Completed simulation data flow analysis
Time Resolution for simulation is 1ps
Compiling package std.standard
Compiling package std.textio
Compiling package ieee.std_logic_1164
Compiling package ieee.std_logic_arith
Compiling package ieee.std_logic_unsigned
Compiling package ieee.numeric_std
Compiling package ieee.std_logic_textio
Compiling module work.glbl
Compiling architecture rtl of entity xil_defaultlib.pip_kernel_div_table_V_RAM_AUTO_1R1W [\pip_kernel_div_table_V_RAM_AUTO...]
Compiling architecture rtl of entity xil_defaultlib.pip_kernel_sdiv_11ns_18ns_18_15_1_divider [\pip_kernel_sdiv_11ns_18ns_18_15...]
Compiling architecture rtl of entity xil_defaultlib.pip_kernel_sdiv_11ns_18ns_18_15_1 [\pip_kernel_sdiv_11ns_18ns_18_15...]
Compiling architecture behav of entity xil_defaultlib.pip_kernel_flow_control_loop_pipe_sequential_init [pip_kernel_flow_control_loop_pip...]
Compiling architecture behav of entity xil_defaultlib.pip_kernel_pip_kernel_Pipeline_LOOP_INIT_DIV_TABLE [pip_kernel_pip_kernel_pipeline_l...]
Compiling architecture behav of entity xil_defaultlib.pip_kernel_mul_mul_18s_18s_36_4_1_DSP48_0 [pip_kernel_mul_mul_18s_18s_36_4_...]
Compiling architecture arch of entity xil_defaultlib.pip_kernel_mul_mul_18s_18s_36_4_1 [\pip_kernel_mul_mul_18s_18s_36_4...]
Compiling architecture behav of entity xil_defaultlib.pip_kernel_am_submul_18s_18s_18s_37_4_1_DSP48_1 [pip_kernel_am_submul_18s_18s_18s...]
Compiling architecture arch of entity xil_defaultlib.pip_kernel_am_submul_18s_18s_18s_37_4_1 [\pip_kernel_am_submul_18s_18s_18...]
Compiling architecture behav of entity xil_defaultlib.pip_kernel_pip_crossing2 [pip_kernel_pip_crossing2_default]
Compiling architecture behav of entity xil_defaultlib.pip_kernel_pip_edges [pip_kernel_pip_edges_default]
Compiling architecture behave of entity xil_defaultlib.pip_kernel_control_s_axi [pip_kernel_control_s_axi_default]
Compiling architecture behav of entity xil_defaultlib.pip_kernel_gmem_m_axi_srl [\pip_kernel_gmem_m_axi_srl(data_...]
Compiling architecture behave of entity xil_defaultlib.pip_kernel_gmem_m_axi_fifo [\pip_kernel_gmem_m_axi_fifo(data...]
Compiling architecture behav of entity xil_defaultlib.pip_kernel_gmem_m_axi_mem [\pip_kernel_gmem_m_axi_mem(mem_s...]
Compiling architecture behave of entity xil_defaultlib.pip_kernel_gmem_m_axi_fifo [\pip_kernel_gmem_m_axi_fifo(mem_...]
Compiling architecture behave of entity xil_defaultlib.pip_kernel_gmem_m_axi_load [\pip_kernel_gmem_m_axi_load(num_...]
Compiling architecture behav of entity xil_defaultlib.pip_kernel_gmem_m_axi_mem [\pip_kernel_gmem_m_axi_mem(mem_s...]
Compiling architecture behave of entity xil_defaultlib.pip_kernel_gmem_m_axi_fifo [\pip_kernel_gmem_m_axi_fifo(mem_...]
Compiling architecture behav of entity xil_defaultlib.pip_kernel_gmem_m_axi_srl [\pip_kernel_gmem_m_axi_srl(data_...]
Compiling architecture behave of entity xil_defaultlib.pip_kernel_gmem_m_axi_fifo [\pip_kernel_gmem_m_axi_fifo(data...]
Compiling architecture behav of entity xil_defaultlib.pip_kernel_gmem_m_axi_srl [\pip_kernel_gmem_m_axi_srl(data_...]
Compiling architecture behave of entity xil_defaultlib.pip_kernel_gmem_m_axi_fifo [\pip_kernel_gmem_m_axi_fifo(data...]
Compiling architecture behave of entity xil_defaultlib.pip_kernel_gmem_m_axi_store [\pip_kernel_gmem_m_axi_store(num...]
Compiling architecture behave of entity xil_defaultlib.pip_kernel_gmem_m_axi_reg_slice [\pip_kernel_gmem_m_axi_reg_slice...]
Compiling architecture behave of entity xil_defaultlib.pip_kernel_gmem_m_axi_reg_slice [\pip_kernel_gmem_m_axi_reg_slice...]
Compiling architecture behave of entity xil_defaultlib.pip_kernel_gmem_m_axi_read [\pip_kernel_gmem_m_axi_read(bus_...]
Compiling architecture behav of entity xil_defaultlib.pip_kernel_gmem_m_axi_srl [\pip_kernel_gmem_m_axi_srl(data_...]
Compiling architecture behave of entity xil_defaultlib.pip_kernel_gmem_m_axi_fifo [\pip_kernel_gmem_m_axi_fifo(1,8)...]
Compiling architecture behav of entity xil_defaultlib.pip_kernel_gmem_m_axi_srl [\pip_kernel_gmem_m_axi_srl(data_...]
Compiling architecture behave of entity xil_defaultlib.pip_kernel_gmem_m_axi_fifo [\pip_kernel_gmem_m_axi_fifo(data...]
Compiling architecture behave of entity xil_defaultlib.pip_kernel_gmem_m_axi_reg_slice [\pip_kernel_gmem_m_axi_reg_slice...]
Compiling architecture behav of entity xil_defaultlib.pip_kernel_gmem_m_axi_srl [\pip_kernel_gmem_m_axi_srl(data_...]
Compiling architecture behave of entity xil_defaultlib.pip_kernel_gmem_m_axi_fifo [\pip_kernel_gmem_m_axi_fifo(data...]
Compiling architecture behav of entity xil_defaultlib.pip_kernel_gmem_m_axi_throttl [\pip_kernel_gmem_m_axi_throttl(c...]
Compiling architecture behave of entity xil_defaultlib.pip_kernel_gmem_m_axi_reg_slice [\pip_kernel_gmem_m_axi_reg_slice...]
Compiling architecture behave of entity xil_defaultlib.pip_kernel_gmem_m_axi_write [\pip_kernel_gmem_m_axi_write(con...]
Compiling architecture behave of entity xil_defaultlib.pip_kernel_gmem_m_axi [\pip_kernel_gmem_m_axi(conservat...]
Compiling architecture behav of entity xil_defaultlib.pip_kernel_regslice_both [\pip_kernel_regslice_both(datawi...]
Compiling architecture behav of entity xil_defaultlib.pip_kernel_regslice_both [\pip_kernel_regslice_both(datawi...]
Compiling architecture behav of entity xil_defaultlib.pip_kernel [pip_kernel_default]
Compiling architecture behav of entity xil_defaultlib.AESL_axi_s_out_r [aesl_axi_s_out_r_default]
Compiling architecture behav of entity xil_defaultlib.AESL_axi_s_points [aesl_axi_s_points_default]
Compiling architecture behav of entity xil_defaultlib.AESL_axi_master_gmem [aesl_axi_master_gmem_default]
Compiling architecture behav of entity xil_defaultlib.AESL_axi_slave_control [aesl_axi_slave_control_default]
Compiling architecture behav of entity xil_defaultlib.apatb_pip_kernel_top
Built simulation snapshot pip_kernel
