

================================================================
== Vitis HLS Report for 'pip_kernel_Pipeline_LOOP_INIT_DIV_TABLE'
================================================================
* Date:           Mon May  2 12:37:24 2022

* Version:        2022.1 (Build 3526262 on Mon Apr 18 15:48:16 MDT 2022)
* Project:        pip_hls_kernel
* Solution:       solution1 (Vitis Kernel Flow Target)
* Product family: zynquplus
* Target device:  xczu9eg-ffvb1156-2-e


================================================================
== Performance Estimates
================================================================
+ Timing: 
    * Summary: 
    +--------+----------+----------+------------+
    |  Clock |  Target  | Estimated| Uncertainty|
    +--------+----------+----------+------------+
    |ap_clk  |  10.00 ns|  3.859 ns|     2.70 ns|
    +--------+----------+----------+------------+

+ Latency: 
    * Summary: 
    +---------+---------+-----------+-----------+------+------+---------+
    |  Latency (cycles) |   Latency (absolute)  |   Interval  | Pipeline|
    |   min   |   max   |    min    |    max    |  min |  max |   Type  |
    +---------+---------+-----------+-----------+------+------+---------+
    |     1039|     1039|  10.390 us|  10.390 us|  1039|  1039|       no|
    +---------+---------+-----------+-----------+------+------+---------+

    + Detail: 
        * Instance: 
        N/A

        * Loop: 
        +-----------------------+---------+---------+----------+-----------+-----------+------+----------+
        |                       |  Latency (cycles) | Iteration|  Initiation Interval  | Trip |          |
        |       Loop Name       |   min   |   max   |  Latency |  achieved |   target  | Count| Pipelined|
        +-----------------------+---------+---------+----------+-----------+-----------+------+----------+
        |- LOOP_INIT_DIV_TABLE  |     1037|     1037|        15|          1|          1|  1024|       yes|
        +-----------------------+---------+---------+----------+-----------+-----------+------+----------+

============================================================
+ Verbose Summary: Synthesis Manager
============================================================
InlineROM: 1
ExposeGlobal: 0
============================================================
+ Verbose Summary: CDFG Model
============================================================
IsTopModel: 0
ResetActiveHigh: 1
IsCombinational: 0
IsDatapathOnly: 0
HasWiredReturn: 1
HasMFsm: 2
HasVarLatency: 1
IsPipeline: 0
IsRtlPipelined: 0
IsInstanceOverlapped: 0
IsDontTouch: 0
HasImplIP: 0
IsGatedGlobalClock: 0

+ Individual pipeline summary: 
  * Pipeline-0: initiation interval (II) = 1, depth = 15


============================================================
+ Verbose Summary: Schedule
============================================================
* Number of FSM states : 15
* Pipeline : 1
  Pipeline-0 : II = 1, D = 15, States = { 1 2 3 4 5 6 7 8 9 10 11 12 13 14 15 }
* Dataflow Pipeline: 0

* FSM state transitions: 
1 --> 2 
2 --> 3 
3 --> 4 
4 --> 5 
5 --> 6 
6 --> 7 
7 --> 8 
8 --> 9 
9 --> 10 
10 --> 11 
11 --> 12 
12 --> 13 
13 --> 14 
14 --> 15 
15 --> 

* FSM state operations: 

State 1 <SV = 0> <Delay = 1.88>
ST_1 : Operation 18 [1/1] (0.00ns)   --->   "%p_Val2_1 = alloca i32 1"   --->   Operation 18 'alloca' 'p_Val2_1' <Predicate = true> <Delay = 0.00>
ST_1 : Operation 19 [1/1] (0.42ns)   --->   "%store_ln0 = store i11 0, i11 %p_Val2_1"   --->   Operation 19 'store' 'store_ln0' <Predicate = true> <Delay = 0.42>
ST_1 : Operation 20 [1/1] (0.00ns)   --->   "%br_ln0 = br void %for.body.i"   --->   Operation 20 'br' 'br_ln0' <Predicate = true> <Delay = 0.00>
ST_1 : Operation 21 [1/1] (0.00ns)   --->   "%p_Val2_2 = load i11 %p_Val2_1"   --->   Operation 21 'load' 'p_Val2_2' <Predicate = true> <Delay = 0.00>
ST_1 : Operation 22 [1/1] (0.00ns)   --->   "%specpipeline_ln0 = specpipeline void @_ssdm_op_SpecPipeline, i32 4294967295, i32 0, i32 1, i32 0, void @p_str"   --->   Operation 22 'specpipeline' 'specpipeline_ln0' <Predicate = true> <Delay = 0.00>
ST_1 : Operation 23 [1/1] (0.94ns)   --->   "%icmp_ln22 = icmp_eq  i11 %p_Val2_2, i11 1024" [pip_kernel.cpp:22]   --->   Operation 23 'icmp' 'icmp_ln22' <Predicate = true> <Delay = 0.94> <CoreInst = "Cmp">   --->   Core 9 'Cmp' <Latency = 0> <II = 1> <Delay = 0.94> <FuncUnit> <Opcode : 'icmp'> <InPorts = 2> <OutPorts = 1>
ST_1 : Operation 24 [1/1] (0.00ns)   --->   "%speclooptripcount_ln0 = speclooptripcount void @_ssdm_op_SpecLoopTripCount, i64 1024, i64 1024, i64 1024"   --->   Operation 24 'speclooptripcount' 'speclooptripcount_ln0' <Predicate = true> <Delay = 0.00>
ST_1 : Operation 25 [1/1] (0.79ns)   --->   "%i = add i11 %p_Val2_2, i11 1" [pip_kernel.cpp:22]   --->   Operation 25 'add' 'i' <Predicate = true> <Delay = 0.79> <CoreInst = "Adder">   --->   Core 1 'Adder' <Latency = 0> <II = 1> <Delay = 0.79> <FuncUnit> <Opcode : 'add' 'sub'> <InPorts = 2> <OutPorts = 1>
ST_1 : Operation 26 [1/1] (0.00ns)   --->   "%br_ln22 = br i1 %icmp_ln22, void %for.body.i.split, void %for.cond.preheader.exitStub" [pip_kernel.cpp:22]   --->   Operation 26 'br' 'br_ln22' <Predicate = true> <Delay = 0.00>
ST_1 : Operation 27 [1/1] (0.00ns) (grouped into LUT with out node select_ln1349)   --->   "%trunc_ln887 = trunc i11 %p_Val2_2"   --->   Operation 27 'trunc' 'trunc_ln887' <Predicate = (!icmp_ln22)> <Delay = 0.00>
ST_1 : Operation 28 [1/1] (0.00ns) (grouped into LUT with out node select_ln1349)   --->   "%p_Val2_s = bitconcatenate i18 @_ssdm_op_BitConcatenate.i18.i10.i8, i10 %trunc_ln887, i8 0"   --->   Operation 28 'bitconcatenate' 'p_Val2_s' <Predicate = (!icmp_ln22)> <Delay = 0.00>
ST_1 : Operation 29 [1/1] (0.00ns) (grouped into LUT with out node select_ln1349)   --->   "%p_Result_s = bitselect i1 @_ssdm_op_BitSelect.i1.i11.i32, i11 %p_Val2_2, i32 9"   --->   Operation 29 'bitselect' 'p_Result_s' <Predicate = (!icmp_ln22)> <Delay = 0.00>
ST_1 : Operation 30 [1/1] (0.00ns) (grouped into LUT with out node select_ln1349)   --->   "%tmp = bitselect i1 @_ssdm_op_BitSelect.i1.i11.i32, i11 %p_Val2_2, i32 10"   --->   Operation 30 'bitselect' 'tmp' <Predicate = (!icmp_ln22)> <Delay = 0.00>
ST_1 : Operation 31 [1/1] (0.00ns) (grouped into LUT with out node select_ln1349)   --->   "%overflow = or i1 %p_Result_s, i1 %tmp"   --->   Operation 31 'or' 'overflow' <Predicate = (!icmp_ln22)> <Delay = 0.00> <CoreInst = "LogicGate">   --->   Core 74 'LogicGate' <Latency = 0> <II = 1> <Delay = 0.28> <FuncUnit> <Opcode : 'and' 'or' 'xor'> <InPorts = 2> <OutPorts = 1>
ST_1 : Operation 32 [1/1] (0.00ns) (grouped into LUT with out node select_ln1349)   --->   "%xor_ln1349 = xor i18 %p_Val2_s, i18 131072"   --->   Operation 32 'xor' 'xor_ln1349' <Predicate = (!icmp_ln22)> <Delay = 0.00> <CoreInst = "LogicGate">   --->   Core 74 'LogicGate' <Latency = 0> <II = 1> <Delay = 0.26> <FuncUnit> <Opcode : 'and' 'or' 'xor'> <InPorts = 2> <OutPorts = 1>
ST_1 : Operation 33 [1/1] (0.36ns) (out node of the LUT)   --->   "%select_ln1349 = select i1 %overflow, i18 262143, i18 %xor_ln1349"   --->   Operation 33 'select' 'select_ln1349' <Predicate = (!icmp_ln22)> <Delay = 0.36> <CoreInst = "Sel">   --->   Core 73 'Sel' <Latency = 0> <II = 1> <Delay = 0.36> <FuncUnit> <Opcode : 'select'> <InPorts = 3> <OutPorts = 1>
ST_1 : Operation 34 [15/15] (1.52ns)   --->   "%sdiv_ln1349 = sdiv i18 256, i18 %select_ln1349"   --->   Operation 34 'sdiv' 'sdiv_ln1349' <Predicate = (!icmp_ln22)> <Delay = 1.52> <CoreInst = "Divider">   --->   Core 6 'Divider' <Latency = 14> <II = 1> <Delay = 1.52> <FuncUnit> <Opcode : 'sdiv' 'srem' 'udiv' 'urem'> <InPorts = 2> <OutPorts = 1>
ST_1 : Operation 35 [1/1] (0.42ns)   --->   "%store_ln22 = store i11 %i, i11 %p_Val2_1" [pip_kernel.cpp:22]   --->   Operation 35 'store' 'store_ln22' <Predicate = (!icmp_ln22)> <Delay = 0.42>

State 2 <SV = 1> <Delay = 1.52>
ST_2 : Operation 36 [14/15] (1.52ns)   --->   "%sdiv_ln1349 = sdiv i18 256, i18 %select_ln1349"   --->   Operation 36 'sdiv' 'sdiv_ln1349' <Predicate = true> <Delay = 1.52> <CoreInst = "Divider">   --->   Core 6 'Divider' <Latency = 14> <II = 1> <Delay = 1.52> <FuncUnit> <Opcode : 'sdiv' 'srem' 'udiv' 'urem'> <InPorts = 2> <OutPorts = 1>

State 3 <SV = 2> <Delay = 1.52>
ST_3 : Operation 37 [13/15] (1.52ns)   --->   "%sdiv_ln1349 = sdiv i18 256, i18 %select_ln1349"   --->   Operation 37 'sdiv' 'sdiv_ln1349' <Predicate = true> <Delay = 1.52> <CoreInst = "Divider">   --->   Core 6 'Divider' <Latency = 14> <II = 1> <Delay = 1.52> <FuncUnit> <Opcode : 'sdiv' 'srem' 'udiv' 'urem'> <InPorts = 2> <OutPorts = 1>

State 4 <SV = 3> <Delay = 1.52>
ST_4 : Operation 38 [12/15] (1.52ns)   --->   "%sdiv_ln1349 = sdiv i18 256, i18 %select_ln1349"   --->   Operation 38 'sdiv' 'sdiv_ln1349' <Predicate = true> <Delay = 1.52> <CoreInst = "Divider">   --->   Core 6 'Divider' <Latency = 14> <II = 1> <Delay = 1.52> <FuncUnit> <Opcode : 'sdiv' 'srem' 'udiv' 'urem'> <InPorts = 2> <OutPorts = 1>

State 5 <SV = 4> <Delay = 1.52>
ST_5 : Operation 39 [11/15] (1.52ns)   --->   "%sdiv_ln1349 = sdiv i18 256, i18 %select_ln1349"   --->   Operation 39 'sdiv' 'sdiv_ln1349' <Predicate = true> <Delay = 1.52> <CoreInst = "Divider">   --->   Core 6 'Divider' <Latency = 14> <II = 1> <Delay = 1.52> <FuncUnit> <Opcode : 'sdiv' 'srem' 'udiv' 'urem'> <InPorts = 2> <OutPorts = 1>

State 6 <SV = 5> <Delay = 1.52>
ST_6 : Operation 40 [10/15] (1.52ns)   --->   "%sdiv_ln1349 = sdiv i18 256, i18 %select_ln1349"   --->   Operation 40 'sdiv' 'sdiv_ln1349' <Predicate = true> <Delay = 1.52> <CoreInst = "Divider">   --->   Core 6 'Divider' <Latency = 14> <II = 1> <Delay = 1.52> <FuncUnit> <Opcode : 'sdiv' 'srem' 'udiv' 'urem'> <InPorts = 2> <OutPorts = 1>

State 7 <SV = 6> <Delay = 1.52>
ST_7 : Operation 41 [9/15] (1.52ns)   --->   "%sdiv_ln1349 = sdiv i18 256, i18 %select_ln1349"   --->   Operation 41 'sdiv' 'sdiv_ln1349' <Predicate = true> <Delay = 1.52> <CoreInst = "Divider">   --->   Core 6 'Divider' <Latency = 14> <II = 1> <Delay = 1.52> <FuncUnit> <Opcode : 'sdiv' 'srem' 'udiv' 'urem'> <InPorts = 2> <OutPorts = 1>

State 8 <SV = 7> <Delay = 1.52>
ST_8 : Operation 42 [8/15] (1.52ns)   --->   "%sdiv_ln1349 = sdiv i18 256, i18 %select_ln1349"   --->   Operation 42 'sdiv' 'sdiv_ln1349' <Predicate = true> <Delay = 1.52> <CoreInst = "Divider">   --->   Core 6 'Divider' <Latency = 14> <II = 1> <Delay = 1.52> <FuncUnit> <Opcode : 'sdiv' 'srem' 'udiv' 'urem'> <InPorts = 2> <OutPorts = 1>

State 9 <SV = 8> <Delay = 1.52>
ST_9 : Operation 43 [7/15] (1.52ns)   --->   "%sdiv_ln1349 = sdiv i18 256, i18 %select_ln1349"   --->   Operation 43 'sdiv' 'sdiv_ln1349' <Predicate = true> <Delay = 1.52> <CoreInst = "Divider">   --->   Core 6 'Divider' <Latency = 14> <II = 1> <Delay = 1.52> <FuncUnit> <Opcode : 'sdiv' 'srem' 'udiv' 'urem'> <InPorts = 2> <OutPorts = 1>

State 10 <SV = 9> <Delay = 1.52>
ST_10 : Operation 44 [6/15] (1.52ns)   --->   "%sdiv_ln1349 = sdiv i18 256, i18 %select_ln1349"   --->   Operation 44 'sdiv' 'sdiv_ln1349' <Predicate = true> <Delay = 1.52> <CoreInst = "Divider">   --->   Core 6 'Divider' <Latency = 14> <II = 1> <Delay = 1.52> <FuncUnit> <Opcode : 'sdiv' 'srem' 'udiv' 'urem'> <InPorts = 2> <OutPorts = 1>

State 11 <SV = 10> <Delay = 1.52>
ST_11 : Operation 45 [5/15] (1.52ns)   --->   "%sdiv_ln1349 = sdiv i18 256, i18 %select_ln1349"   --->   Operation 45 'sdiv' 'sdiv_ln1349' <Predicate = true> <Delay = 1.52> <CoreInst = "Divider">   --->   Core 6 'Divider' <Latency = 14> <II = 1> <Delay = 1.52> <FuncUnit> <Opcode : 'sdiv' 'srem' 'udiv' 'urem'> <InPorts = 2> <OutPorts = 1>

State 12 <SV = 11> <Delay = 1.52>
ST_12 : Operation 46 [4/15] (1.52ns)   --->   "%sdiv_ln1349 = sdiv i18 256, i18 %select_ln1349"   --->   Operation 46 'sdiv' 'sdiv_ln1349' <Predicate = true> <Delay = 1.52> <CoreInst = "Divider">   --->   Core 6 'Divider' <Latency = 14> <II = 1> <Delay = 1.52> <FuncUnit> <Opcode : 'sdiv' 'srem' 'udiv' 'urem'> <InPorts = 2> <OutPorts = 1>

State 13 <SV = 12> <Delay = 1.52>
ST_13 : Operation 47 [3/15] (1.52ns)   --->   "%sdiv_ln1349 = sdiv i18 256, i18 %select_ln1349"   --->   Operation 47 'sdiv' 'sdiv_ln1349' <Predicate = true> <Delay = 1.52> <CoreInst = "Divider">   --->   Core 6 'Divider' <Latency = 14> <II = 1> <Delay = 1.52> <FuncUnit> <Opcode : 'sdiv' 'srem' 'udiv' 'urem'> <InPorts = 2> <OutPorts = 1>

State 14 <SV = 13> <Delay = 1.52>
ST_14 : Operation 48 [2/15] (1.52ns)   --->   "%sdiv_ln1349 = sdiv i18 256, i18 %select_ln1349"   --->   Operation 48 'sdiv' 'sdiv_ln1349' <Predicate = true> <Delay = 1.52> <CoreInst = "Divider">   --->   Core 6 'Divider' <Latency = 14> <II = 1> <Delay = 1.52> <FuncUnit> <Opcode : 'sdiv' 'srem' 'udiv' 'urem'> <InPorts = 2> <OutPorts = 1>
ST_14 : Operation 66 [1/1] (0.00ns)   --->   "%ret_ln0 = ret"   --->   Operation 66 'ret' 'ret_ln0' <Predicate = (icmp_ln22)> <Delay = 0.00>

State 15 <SV = 14> <Delay = 3.85>
ST_15 : Operation 49 [1/1] (0.00ns)   --->   "%v_assign_cast = zext i11 %p_Val2_2"   --->   Operation 49 'zext' 'v_assign_cast' <Predicate = true> <Delay = 0.00>
ST_15 : Operation 50 [1/1] (0.00ns)   --->   "%specloopname_ln183 = specloopname void @_ssdm_op_SpecLoopName, void @empty_0"   --->   Operation 50 'specloopname' 'specloopname_ln183' <Predicate = true> <Delay = 0.00>
ST_15 : Operation 51 [1/15] (1.52ns)   --->   "%sdiv_ln1349 = sdiv i18 256, i18 %select_ln1349"   --->   Operation 51 'sdiv' 'sdiv_ln1349' <Predicate = true> <Delay = 1.52> <CoreInst = "Divider">   --->   Core 6 'Divider' <Latency = 14> <II = 1> <Delay = 1.52> <FuncUnit> <Opcode : 'sdiv' 'srem' 'udiv' 'urem'> <InPorts = 2> <OutPorts = 1>
ST_15 : Operation 52 [1/1] (0.00ns) (grouped into LUT with out node real_val_V)   --->   "%real_val_V_2 = shl i18 %sdiv_ln1349, i18 8"   --->   Operation 52 'shl' 'real_val_V_2' <Predicate = true> <Delay = 0.00>
ST_15 : Operation 53 [1/1] (0.00ns)   --->   "%p_Result_1 = bitselect i1 @_ssdm_op_BitSelect.i1.i18.i32, i18 %sdiv_ln1349, i32 9"   --->   Operation 53 'bitselect' 'p_Result_1' <Predicate = true> <Delay = 0.00>
ST_15 : Operation 54 [1/1] (0.00ns)   --->   "%tmp_1 = partselect i2 @_ssdm_op_PartSelect.i2.i18.i32.i32, i18 %sdiv_ln1349, i32 10, i32 11"   --->   Operation 54 'partselect' 'tmp_1' <Predicate = true> <Delay = 0.00>
ST_15 : Operation 55 [1/1] (0.44ns)   --->   "%icmp_ln924 = icmp_ne  i2 %tmp_1, i2 0"   --->   Operation 55 'icmp' 'icmp_ln924' <Predicate = true> <Delay = 0.44> <CoreInst = "Cmp">   --->   Core 9 'Cmp' <Latency = 0> <II = 1> <Delay = 0.44> <FuncUnit> <Opcode : 'icmp'> <InPorts = 2> <OutPorts = 1>
ST_15 : Operation 56 [1/1] (0.00ns) (grouped into LUT with out node overflow_1)   --->   "%xor_ln941 = xor i1 %p_Result_1, i1 1"   --->   Operation 56 'xor' 'xor_ln941' <Predicate = true> <Delay = 0.00> <CoreInst = "LogicGate">   --->   Core 74 'LogicGate' <Latency = 0> <II = 1> <Delay = 0.28> <FuncUnit> <Opcode : 'and' 'or' 'xor'> <InPorts = 2> <OutPorts = 1>
ST_15 : Operation 57 [1/1] (0.28ns) (out node of the LUT)   --->   "%overflow_1 = and i1 %icmp_ln924, i1 %xor_ln941"   --->   Operation 57 'and' 'overflow_1' <Predicate = true> <Delay = 0.28> <CoreInst = "LogicGate">   --->   Core 74 'LogicGate' <Latency = 0> <II = 1> <Delay = 0.28> <FuncUnit> <Opcode : 'and' 'or' 'xor'> <InPorts = 2> <OutPorts = 1>
ST_15 : Operation 58 [1/1] (0.44ns)   --->   "%icmp_ln942 = icmp_ne  i2 %tmp_1, i2 3"   --->   Operation 58 'icmp' 'icmp_ln942' <Predicate = true> <Delay = 0.44> <CoreInst = "Cmp">   --->   Core 9 'Cmp' <Latency = 0> <II = 1> <Delay = 0.44> <FuncUnit> <Opcode : 'icmp'> <InPorts = 2> <OutPorts = 1>
ST_15 : Operation 59 [1/1] (0.00ns) (grouped into LUT with out node real_val_V)   --->   "%underflow = and i1 %p_Result_1, i1 %icmp_ln942"   --->   Operation 59 'and' 'underflow' <Predicate = true> <Delay = 0.00> <CoreInst = "LogicGate">   --->   Core 74 'LogicGate' <Latency = 0> <II = 1> <Delay = 0.28> <FuncUnit> <Opcode : 'and' 'or' 'xor'> <InPorts = 2> <OutPorts = 1>
ST_15 : Operation 60 [1/1] (0.00ns) (grouped into LUT with out node real_val_V)   --->   "%select_ln392 = select i1 %overflow_1, i18 131071, i18 131072"   --->   Operation 60 'select' 'select_ln392' <Predicate = true> <Delay = 0.00> <CoreInst = "Sel">   --->   Core 73 'Sel' <Latency = 0> <II = 1> <Delay = 0.36> <FuncUnit> <Opcode : 'select'> <InPorts = 3> <OutPorts = 1>
ST_15 : Operation 61 [1/1] (0.00ns) (grouped into LUT with out node real_val_V)   --->   "%or_ln392 = or i1 %overflow_1, i1 %underflow"   --->   Operation 61 'or' 'or_ln392' <Predicate = true> <Delay = 0.00> <CoreInst = "LogicGate">   --->   Core 74 'LogicGate' <Latency = 0> <II = 1> <Delay = 0.28> <FuncUnit> <Opcode : 'and' 'or' 'xor'> <InPorts = 2> <OutPorts = 1>
ST_15 : Operation 62 [1/1] (0.36ns) (out node of the LUT)   --->   "%real_val_V = select i1 %or_ln392, i18 %select_ln392, i18 %real_val_V_2"   --->   Operation 62 'select' 'real_val_V' <Predicate = true> <Delay = 0.36> <CoreInst = "Sel">   --->   Core 73 'Sel' <Latency = 0> <II = 1> <Delay = 0.36> <FuncUnit> <Opcode : 'select'> <InPorts = 3> <OutPorts = 1>
ST_15 : Operation 63 [1/1] (0.00ns)   --->   "%div_table_V_addr = getelementptr i18 %div_table_V, i64 0, i64 %v_assign_cast" [pip_kernel.cpp:24]   --->   Operation 63 'getelementptr' 'div_table_V_addr' <Predicate = true> <Delay = 0.00>
ST_15 : Operation 64 [1/1] (1.23ns)   --->   "%store_ln24 = store i18 %real_val_V, i10 %div_table_V_addr" [pip_kernel.cpp:24]   --->   Operation 64 'store' 'store_ln24' <Predicate = true> <Delay = 1.23> <CoreInst = "RAM">   --->   Core 83 'RAM' <Latency = 1> <II = 1> <Delay = 1.23> <Storage> <Opcode : 'load' 'store'> <Ports = 2> <Width = 18> <Depth = 1024> <RAM>
ST_15 : Operation 65 [1/1] (0.00ns)   --->   "%br_ln22 = br void %for.body.i" [pip_kernel.cpp:22]   --->   Operation 65 'br' 'br_ln22' <Predicate = true> <Delay = 0.00>


============================================================
+ Verbose Summary: Binding
============================================================
STG Binding: 
---------------- STG Properties BEGIN ----------------
- Is combinational: 0
- Is one-state seq: 0
- Is datapath-only: 0
- Is pipelined: 0
- Is top level: 0
Port [ Return ] is wired: 1; IO mode=ap_ctrl_hs:ce=0
Port [ div_table_V]:  wired=1; compound=1; hidden=0; nouse=0; global=1; static=1; extern=0; dir=1; type=1; pingpong=0; private_global=0; MemPort=[03]; IO mode=ap_memory:ce=0
---------------- STG Properties END ------------------

---------------- Datapath Model BEGIN ----------------

<LifeTime>
<method=bitvector/>
p_Val2_1              (alloca           ) [ 0100000000000000]
store_ln0             (store            ) [ 0000000000000000]
br_ln0                (br               ) [ 0000000000000000]
p_Val2_2              (load             ) [ 0111111111111111]
specpipeline_ln0      (specpipeline     ) [ 0000000000000000]
icmp_ln22             (icmp             ) [ 0111111111111110]
speclooptripcount_ln0 (speclooptripcount) [ 0000000000000000]
i                     (add              ) [ 0000000000000000]
br_ln22               (br               ) [ 0000000000000000]
trunc_ln887           (trunc            ) [ 0000000000000000]
p_Val2_s              (bitconcatenate   ) [ 0000000000000000]
p_Result_s            (bitselect        ) [ 0000000000000000]
tmp                   (bitselect        ) [ 0000000000000000]
overflow              (or               ) [ 0000000000000000]
xor_ln1349            (xor              ) [ 0000000000000000]
select_ln1349         (select           ) [ 0111111111111111]
store_ln22            (store            ) [ 0000000000000000]
v_assign_cast         (zext             ) [ 0000000000000000]
specloopname_ln183    (specloopname     ) [ 0000000000000000]
sdiv_ln1349           (sdiv             ) [ 0000000000000000]
real_val_V_2          (shl              ) [ 0000000000000000]
p_Result_1            (bitselect        ) [ 0000000000000000]
tmp_1                 (partselect       ) [ 0000000000000000]
icmp_ln924            (icmp             ) [ 0000000000000000]
xor_ln941             (xor              ) [ 0000000000000000]
overflow_1            (and              ) [ 0000000000000000]
icmp_ln942            (icmp             ) [ 0000000000000000]
underflow             (and              ) [ 0000000000000000]
select_ln392          (select           ) [ 0000000000000000]
or_ln392              (or               ) [ 0000000000000000]
real_val_V            (select           ) [ 0000000000000000]
div_table_V_addr      (getelementptr    ) [ 0000000000000000]
store_ln24            (store            ) [ 0000000000000000]
br_ln22               (br               ) [ 0000000000000000]
ret_ln0               (ret              ) [ 0000000000000000]
</LifeTime>

<model>

<comp_list>
<comp id="0" class="1000" name="div_table_V">
<pin_list>
<pin id="1" dir="1" index="0" bw="1" slack="0"/>
</pin_list>
<bind>
<StgValue><ssdm name="div_table_V"/><MemPortTyVec>0 3 </MemPortTyVec>
</StgValue>
</bind>
</comp>

<comp id="2" class="1001" name="const_2">
<pin_list>
<pin id="3" dir="1" index="0" bw="1" slack="0"/>
</pin_list>
<bind>
<StgValue><ssdm name=""/></StgValue>
</bind>
</comp>

<comp id="4" class="1001" name="const_4">
<pin_list>
<pin id="5" dir="1" index="0" bw="1" slack="0"/>
</pin_list>
<bind>
<StgValue><ssdm name=""/></StgValue>
</bind>
</comp>

<comp id="6" class="1001" name="const_6">
<pin_list>
<pin id="7" dir="1" index="0" bw="1" slack="2147483647"/>
</pin_list>
<bind>
<StgValue><ssdm name="_ssdm_op_SpecPipeline"/></StgValue>
</bind>
</comp>

<comp id="8" class="1001" name="const_8">
<pin_list>
<pin id="9" dir="1" index="0" bw="1" slack="2147483647"/>
</pin_list>
<bind>
<StgValue><ssdm name=""/></StgValue>
</bind>
</comp>

<comp id="10" class="1001" name="const_10">
<pin_list>
<pin id="11" dir="1" index="0" bw="1" slack="2147483647"/>
</pin_list>
<bind>
<StgValue><ssdm name=""/></StgValue>
</bind>
</comp>

<comp id="12" class="1001" name="const_12">
<pin_list>
<pin id="13" dir="1" index="0" bw="1" slack="2147483647"/>
</pin_list>
<bind>
<StgValue><ssdm name="p_str"/></StgValue>
</bind>
</comp>

<comp id="14" class="1001" name="const_14">
<pin_list>
<pin id="15" dir="1" index="0" bw="1" slack="0"/>
</pin_list>
<bind>
<StgValue><ssdm name=""/></StgValue>
</bind>
</comp>

<comp id="16" class="1001" name="const_16">
<pin_list>
<pin id="17" dir="1" index="0" bw="1" slack="2147483647"/>
</pin_list>
<bind>
<StgValue><ssdm name="_ssdm_op_SpecLoopTripCount"/></StgValue>
</bind>
</comp>

<comp id="18" class="1001" name="const_18">
<pin_list>
<pin id="19" dir="1" index="0" bw="1" slack="2147483647"/>
</pin_list>
<bind>
<StgValue><ssdm name=""/></StgValue>
</bind>
</comp>

<comp id="20" class="1001" name="const_20">
<pin_list>
<pin id="21" dir="1" index="0" bw="1" slack="0"/>
</pin_list>
<bind>
<StgValue><ssdm name=""/></StgValue>
</bind>
</comp>

<comp id="22" class="1001" name="const_22">
<pin_list>
<pin id="23" dir="1" index="0" bw="1" slack="0"/>
</pin_list>
<bind>
<StgValue><ssdm name="_ssdm_op_BitConcatenate.i18.i10.i8"/></StgValue>
</bind>
</comp>

<comp id="24" class="1001" name="const_24">
<pin_list>
<pin id="25" dir="1" index="0" bw="1" slack="0"/>
</pin_list>
<bind>
<StgValue><ssdm name=""/></StgValue>
</bind>
</comp>

<comp id="26" class="1001" name="const_26">
<pin_list>
<pin id="27" dir="1" index="0" bw="1" slack="0"/>
</pin_list>
<bind>
<StgValue><ssdm name="_ssdm_op_BitSelect.i1.i11.i32"/></StgValue>
</bind>
</comp>

<comp id="28" class="1001" name="const_28">
<pin_list>
<pin id="29" dir="1" index="0" bw="1" slack="0"/>
</pin_list>
<bind>
<StgValue><ssdm name=""/></StgValue>
</bind>
</comp>

<comp id="30" class="1001" name="const_30">
<pin_list>
<pin id="31" dir="1" index="0" bw="1" slack="0"/>
</pin_list>
<bind>
<StgValue><ssdm name=""/></StgValue>
</bind>
</comp>

<comp id="32" class="1001" name="const_32">
<pin_list>
<pin id="33" dir="1" index="0" bw="1" slack="0"/>
</pin_list>
<bind>
<StgValue><ssdm name=""/></StgValue>
</bind>
</comp>

<comp id="34" class="1001" name="const_34">
<pin_list>
<pin id="35" dir="1" index="0" bw="1" slack="0"/>
</pin_list>
<bind>
<StgValue><ssdm name=""/></StgValue>
</bind>
</comp>

<comp id="36" class="1001" name="const_36">
<pin_list>
<pin id="37" dir="1" index="0" bw="1" slack="0"/>
</pin_list>
<bind>
<StgValue><ssdm name=""/></StgValue>
</bind>
</comp>

<comp id="38" class="1001" name="const_38">
<pin_list>
<pin id="39" dir="1" index="0" bw="1" slack="2147483647"/>
</pin_list>
<bind>
<StgValue><ssdm name="_ssdm_op_SpecLoopName"/></StgValue>
</bind>
</comp>

<comp id="40" class="1001" name="const_40">
<pin_list>
<pin id="41" dir="1" index="0" bw="1" slack="2147483647"/>
</pin_list>
<bind>
<StgValue><ssdm name="empty_0"/></StgValue>
</bind>
</comp>

<comp id="42" class="1001" name="const_42">
<pin_list>
<pin id="43" dir="1" index="0" bw="1" slack="0"/>
</pin_list>
<bind>
<StgValue><ssdm name=""/></StgValue>
</bind>
</comp>

<comp id="44" class="1001" name="const_44">
<pin_list>
<pin id="45" dir="1" index="0" bw="1" slack="0"/>
</pin_list>
<bind>
<StgValue><ssdm name="_ssdm_op_BitSelect.i1.i18.i32"/></StgValue>
</bind>
</comp>

<comp id="46" class="1001" name="const_46">
<pin_list>
<pin id="47" dir="1" index="0" bw="1" slack="0"/>
</pin_list>
<bind>
<StgValue><ssdm name="_ssdm_op_PartSelect.i2.i18.i32.i32"/></StgValue>
</bind>
</comp>

<comp id="48" class="1001" name="const_48">
<pin_list>
<pin id="49" dir="1" index="0" bw="1" slack="0"/>
</pin_list>
<bind>
<StgValue><ssdm name=""/></StgValue>
</bind>
</comp>

<comp id="50" class="1001" name="const_50">
<pin_list>
<pin id="51" dir="1" index="0" bw="1" slack="0"/>
</pin_list>
<bind>
<StgValue><ssdm name=""/></StgValue>
</bind>
</comp>

<comp id="52" class="1001" name="const_52">
<pin_list>
<pin id="53" dir="1" index="0" bw="1" slack="0"/>
</pin_list>
<bind>
<StgValue><ssdm name=""/></StgValue>
</bind>
</comp>

<comp id="54" class="1001" name="const_54">
<pin_list>
<pin id="55" dir="1" index="0" bw="1" slack="0"/>
</pin_list>
<bind>
<StgValue><ssdm name=""/></StgValue>
</bind>
</comp>

<comp id="56" class="1001" name="const_56">
<pin_list>
<pin id="57" dir="1" index="0" bw="1" slack="0"/>
</pin_list>
<bind>
<StgValue><ssdm name=""/></StgValue>
</bind>
</comp>

<comp id="58" class="1001" name="const_58">
<pin_list>
<pin id="59" dir="1" index="0" bw="1" slack="0"/>
</pin_list>
<bind>
<StgValue><ssdm name=""/></StgValue>
</bind>
</comp>

<comp id="60" class="1004" name="p_Val2_1_fu_60">
<pin_list>
<pin id="61" dir="0" index="0" bw="1" slack="0"/>
<pin id="62" dir="1" index="1" bw="11" slack="0"/>
</pin_list>
<bind>
<opcode="alloca(26) " fcode="alloca"/>
<opset="p_Val2_1/1 "/>
</bind>
</comp>

<comp id="64" class="1004" name="div_table_V_addr_gep_fu_64">
<pin_list>
<pin id="65" dir="0" index="0" bw="18" slack="0"/>
<pin id="66" dir="0" index="1" bw="1" slack="0"/>
<pin id="67" dir="0" index="2" bw="11" slack="0"/>
<pin id="68" dir="1" index="3" bw="10" slack="0"/>
</pin_list>
<bind>
<opcode="getelementptr(29) " fcode="getelementptr"/>
<opset="div_table_V_addr/15 "/>
</bind>
</comp>

<comp id="71" class="1004" name="store_ln24_access_fu_71">
<pin_list>
<pin id="72" dir="0" index="0" bw="10" slack="0"/>
<pin id="73" dir="0" index="1" bw="18" slack="0"/>
<pin id="74" dir="0" index="2" bw="0" slack="2147483647"/>
<pin id="75" dir="1" index="3" bw="18" slack="2147483647"/>
</pin_list>
<bind>
<opcode="store(28) " fcode="store"/>
<opset="store_ln24/15 "/>
</bind>
</comp>

<comp id="77" class="1004" name="store_ln0_store_fu_77">
<pin_list>
<pin id="78" dir="0" index="0" bw="1" slack="0"/>
<pin id="79" dir="0" index="1" bw="11" slack="0"/>
<pin id="80" dir="1" index="2" bw="0" slack="2147483647"/>
</pin_list>
<bind>
<opcode="store(28) " fcode="store"/>
<opset="store_ln0/1 "/>
</bind>
</comp>

<comp id="82" class="1004" name="p_Val2_2_load_fu_82">
<pin_list>
<pin id="83" dir="0" index="0" bw="11" slack="0"/>
<pin id="84" dir="1" index="1" bw="11" slack="0"/>
</pin_list>
<bind>
<opcode="load(27) " fcode="load"/>
<opset="p_Val2_2/1 "/>
</bind>
</comp>

<comp id="85" class="1004" name="icmp_ln22_fu_85">
<pin_list>
<pin id="86" dir="0" index="0" bw="11" slack="0"/>
<pin id="87" dir="0" index="1" bw="11" slack="0"/>
<pin id="88" dir="1" index="2" bw="1" slack="13"/>
</pin_list>
<bind>
<opcode="icmp(45) " fcode="icmp"/>
<opset="icmp_ln22/1 "/>
</bind>
</comp>

<comp id="91" class="1004" name="i_fu_91">
<pin_list>
<pin id="92" dir="0" index="0" bw="11" slack="0"/>
<pin id="93" dir="0" index="1" bw="1" slack="0"/>
<pin id="94" dir="1" index="2" bw="11" slack="0"/>
</pin_list>
<bind>
<opcode="add(8) " fcode="add"/>
<opset="i/1 "/>
</bind>
</comp>

<comp id="97" class="1004" name="trunc_ln887_fu_97">
<pin_list>
<pin id="98" dir="0" index="0" bw="11" slack="0"/>
<pin id="99" dir="1" index="1" bw="10" slack="0"/>
</pin_list>
<bind>
<opcode="trunc(33) " fcode="trunc"/>
<opset="trunc_ln887/1 "/>
</bind>
</comp>

<comp id="101" class="1004" name="p_Val2_s_fu_101">
<pin_list>
<pin id="102" dir="0" index="0" bw="18" slack="0"/>
<pin id="103" dir="0" index="1" bw="10" slack="0"/>
<pin id="104" dir="0" index="2" bw="1" slack="0"/>
<pin id="105" dir="1" index="3" bw="18" slack="0"/>
</pin_list>
<bind>
<opcode="bitconcatenate(1004) " fcode="bitconcatenate"/>
<opset="p_Val2_s/1 "/>
</bind>
</comp>

<comp id="109" class="1004" name="p_Result_s_fu_109">
<pin_list>
<pin id="110" dir="0" index="0" bw="1" slack="0"/>
<pin id="111" dir="0" index="1" bw="11" slack="0"/>
<pin id="112" dir="0" index="2" bw="5" slack="0"/>
<pin id="113" dir="1" index="3" bw="1" slack="0"/>
</pin_list>
<bind>
<opcode="bitselect(1000) " fcode="bitselect"/>
<opset="p_Result_s/1 "/>
</bind>
</comp>

<comp id="117" class="1004" name="tmp_fu_117">
<pin_list>
<pin id="118" dir="0" index="0" bw="1" slack="0"/>
<pin id="119" dir="0" index="1" bw="11" slack="0"/>
<pin id="120" dir="0" index="2" bw="5" slack="0"/>
<pin id="121" dir="1" index="3" bw="1" slack="0"/>
</pin_list>
<bind>
<opcode="bitselect(1000) " fcode="bitselect"/>
<opset="tmp/1 "/>
</bind>
</comp>

<comp id="125" class="1004" name="overflow_fu_125">
<pin_list>
<pin id="126" dir="0" index="0" bw="1" slack="0"/>
<pin id="127" dir="0" index="1" bw="1" slack="0"/>
<pin id="128" dir="1" index="2" bw="1" slack="0"/>
</pin_list>
<bind>
<opcode="or(24) " fcode="or"/>
<opset="overflow/1 "/>
</bind>
</comp>

<comp id="131" class="1004" name="xor_ln1349_fu_131">
<pin_list>
<pin id="132" dir="0" index="0" bw="18" slack="0"/>
<pin id="133" dir="0" index="1" bw="18" slack="0"/>
<pin id="134" dir="1" index="2" bw="18" slack="0"/>
</pin_list>
<bind>
<opcode="xor(25) " fcode="xor"/>
<opset="xor_ln1349/1 "/>
</bind>
</comp>

<comp id="137" class="1004" name="select_ln1349_fu_137">
<pin_list>
<pin id="138" dir="0" index="0" bw="1" slack="0"/>
<pin id="139" dir="0" index="1" bw="1" slack="0"/>
<pin id="140" dir="0" index="2" bw="18" slack="0"/>
<pin id="141" dir="1" index="3" bw="18" slack="0"/>
</pin_list>
<bind>
<opcode="select(49) " fcode="select"/>
<opset="select_ln1349/1 "/>
</bind>
</comp>

<comp id="145" class="1004" name="grp_fu_145">
<pin_list>
<pin id="146" dir="0" index="0" bw="11" slack="0"/>
<pin id="147" dir="0" index="1" bw="18" slack="0"/>
<pin id="148" dir="1" index="2" bw="18" slack="0"/>
</pin_list>
<bind>
<opcode="sdiv(15) " fcode="sdiv"/>
<opset="sdiv_ln1349/1 "/>
</bind>
</comp>

<comp id="151" class="1004" name="store_ln22_store_fu_151">
<pin_list>
<pin id="152" dir="0" index="0" bw="11" slack="0"/>
<pin id="153" dir="0" index="1" bw="11" slack="0"/>
<pin id="154" dir="1" index="2" bw="0" slack="2147483647"/>
</pin_list>
<bind>
<opcode="store(28) " fcode="store"/>
<opset="store_ln22/1 "/>
</bind>
</comp>

<comp id="156" class="1004" name="v_assign_cast_fu_156">
<pin_list>
<pin id="157" dir="0" index="0" bw="11" slack="14"/>
<pin id="158" dir="1" index="1" bw="64" slack="0"/>
</pin_list>
<bind>
<opcode="zext(34) " fcode="zext"/>
<opset="v_assign_cast/15 "/>
</bind>
</comp>

<comp id="160" class="1004" name="real_val_V_2_fu_160">
<pin_list>
<pin id="161" dir="0" index="0" bw="18" slack="0"/>
<pin id="162" dir="0" index="1" bw="5" slack="0"/>
<pin id="163" dir="1" index="2" bw="18" slack="0"/>
</pin_list>
<bind>
<opcode="shl(20) " fcode="shl"/>
<opset="real_val_V_2/15 "/>
</bind>
</comp>

<comp id="166" class="1004" name="p_Result_1_fu_166">
<pin_list>
<pin id="167" dir="0" index="0" bw="1" slack="0"/>
<pin id="168" dir="0" index="1" bw="18" slack="0"/>
<pin id="169" dir="0" index="2" bw="5" slack="0"/>
<pin id="170" dir="1" index="3" bw="1" slack="0"/>
</pin_list>
<bind>
<opcode="bitselect(1000) " fcode="bitselect"/>
<opset="p_Result_1/15 "/>
</bind>
</comp>

<comp id="174" class="1004" name="tmp_1_fu_174">
<pin_list>
<pin id="175" dir="0" index="0" bw="2" slack="0"/>
<pin id="176" dir="0" index="1" bw="18" slack="0"/>
<pin id="177" dir="0" index="2" bw="5" slack="0"/>
<pin id="178" dir="0" index="3" bw="5" slack="0"/>
<pin id="179" dir="1" index="4" bw="2" slack="0"/>
</pin_list>
<bind>
<opcode="partselect(1002) " fcode="partselect"/>
<opset="tmp_1/15 "/>
</bind>
</comp>

<comp id="184" class="1004" name="icmp_ln924_fu_184">
<pin_list>
<pin id="185" dir="0" index="0" bw="2" slack="0"/>
<pin id="186" dir="0" index="1" bw="1" slack="0"/>
<pin id="187" dir="1" index="2" bw="1" slack="0"/>
</pin_list>
<bind>
<opcode="icmp(45) " fcode="icmp"/>
<opset="icmp_ln924/15 "/>
</bind>
</comp>

<comp id="190" class="1004" name="xor_ln941_fu_190">
<pin_list>
<pin id="191" dir="0" index="0" bw="1" slack="0"/>
<pin id="192" dir="0" index="1" bw="1" slack="0"/>
<pin id="193" dir="1" index="2" bw="1" slack="0"/>
</pin_list>
<bind>
<opcode="xor(25) " fcode="xor"/>
<opset="xor_ln941/15 "/>
</bind>
</comp>

<comp id="196" class="1004" name="overflow_1_fu_196">
<pin_list>
<pin id="197" dir="0" index="0" bw="1" slack="0"/>
<pin id="198" dir="0" index="1" bw="1" slack="0"/>
<pin id="199" dir="1" index="2" bw="1" slack="0"/>
</pin_list>
<bind>
<opcode="and(23) " fcode="and"/>
<opset="overflow_1/15 "/>
</bind>
</comp>

<comp id="202" class="1004" name="icmp_ln942_fu_202">
<pin_list>
<pin id="203" dir="0" index="0" bw="2" slack="0"/>
<pin id="204" dir="0" index="1" bw="1" slack="0"/>
<pin id="205" dir="1" index="2" bw="1" slack="0"/>
</pin_list>
<bind>
<opcode="icmp(45) " fcode="icmp"/>
<opset="icmp_ln942/15 "/>
</bind>
</comp>

<comp id="208" class="1004" name="underflow_fu_208">
<pin_list>
<pin id="209" dir="0" index="0" bw="1" slack="0"/>
<pin id="210" dir="0" index="1" bw="1" slack="0"/>
<pin id="211" dir="1" index="2" bw="1" slack="0"/>
</pin_list>
<bind>
<opcode="and(23) " fcode="and"/>
<opset="underflow/15 "/>
</bind>
</comp>

<comp id="214" class="1004" name="select_ln392_fu_214">
<pin_list>
<pin id="215" dir="0" index="0" bw="1" slack="0"/>
<pin id="216" dir="0" index="1" bw="18" slack="0"/>
<pin id="217" dir="0" index="2" bw="18" slack="0"/>
<pin id="218" dir="1" index="3" bw="18" slack="0"/>
</pin_list>
<bind>
<opcode="select(49) " fcode="select"/>
<opset="select_ln392/15 "/>
</bind>
</comp>

<comp id="222" class="1004" name="or_ln392_fu_222">
<pin_list>
<pin id="223" dir="0" index="0" bw="1" slack="0"/>
<pin id="224" dir="0" index="1" bw="1" slack="0"/>
<pin id="225" dir="1" index="2" bw="1" slack="0"/>
</pin_list>
<bind>
<opcode="or(24) " fcode="or"/>
<opset="or_ln392/15 "/>
</bind>
</comp>

<comp id="228" class="1004" name="real_val_V_fu_228">
<pin_list>
<pin id="229" dir="0" index="0" bw="1" slack="0"/>
<pin id="230" dir="0" index="1" bw="18" slack="0"/>
<pin id="231" dir="0" index="2" bw="18" slack="0"/>
<pin id="232" dir="1" index="3" bw="18" slack="0"/>
</pin_list>
<bind>
<opcode="select(49) " fcode="select"/>
<opset="real_val_V/15 "/>
</bind>
</comp>

<comp id="237" class="1005" name="p_Val2_1_reg_237">
<pin_list>
<pin id="238" dir="0" index="0" bw="11" slack="0"/>
<pin id="239" dir="1" index="1" bw="11" slack="0"/>
</pin_list>
<bind>
<opset="p_Val2_1 "/>
</bind>
</comp>

<comp id="244" class="1005" name="p_Val2_2_reg_244">
<pin_list>
<pin id="245" dir="0" index="0" bw="11" slack="14"/>
<pin id="246" dir="1" index="1" bw="11" slack="14"/>
</pin_list>
<bind>
<opset="p_Val2_2 "/>
</bind>
</comp>

<comp id="249" class="1005" name="icmp_ln22_reg_249">
<pin_list>
<pin id="250" dir="0" index="0" bw="1" slack="13"/>
<pin id="251" dir="1" index="1" bw="1" slack="2147483647"/>
</pin_list>
<bind>
<opset="icmp_ln22 "/>
</bind>
</comp>

<comp id="253" class="1005" name="select_ln1349_reg_253">
<pin_list>
<pin id="254" dir="0" index="0" bw="18" slack="1"/>
<pin id="255" dir="1" index="1" bw="18" slack="1"/>
</pin_list>
<bind>
<opset="select_ln1349 "/>
</bind>
</comp>

</comp_list>

<net_list>
<net id="63"><net_src comp="2" pin="0"/><net_sink comp="60" pin=0"/></net>

<net id="69"><net_src comp="0" pin="0"/><net_sink comp="64" pin=0"/></net>

<net id="70"><net_src comp="58" pin="0"/><net_sink comp="64" pin=1"/></net>

<net id="76"><net_src comp="64" pin="3"/><net_sink comp="71" pin=0"/></net>

<net id="81"><net_src comp="4" pin="0"/><net_sink comp="77" pin=0"/></net>

<net id="89"><net_src comp="82" pin="1"/><net_sink comp="85" pin=0"/></net>

<net id="90"><net_src comp="14" pin="0"/><net_sink comp="85" pin=1"/></net>

<net id="95"><net_src comp="82" pin="1"/><net_sink comp="91" pin=0"/></net>

<net id="96"><net_src comp="20" pin="0"/><net_sink comp="91" pin=1"/></net>

<net id="100"><net_src comp="82" pin="1"/><net_sink comp="97" pin=0"/></net>

<net id="106"><net_src comp="22" pin="0"/><net_sink comp="101" pin=0"/></net>

<net id="107"><net_src comp="97" pin="1"/><net_sink comp="101" pin=1"/></net>

<net id="108"><net_src comp="24" pin="0"/><net_sink comp="101" pin=2"/></net>

<net id="114"><net_src comp="26" pin="0"/><net_sink comp="109" pin=0"/></net>

<net id="115"><net_src comp="82" pin="1"/><net_sink comp="109" pin=1"/></net>

<net id="116"><net_src comp="28" pin="0"/><net_sink comp="109" pin=2"/></net>

<net id="122"><net_src comp="26" pin="0"/><net_sink comp="117" pin=0"/></net>

<net id="123"><net_src comp="82" pin="1"/><net_sink comp="117" pin=1"/></net>

<net id="124"><net_src comp="30" pin="0"/><net_sink comp="117" pin=2"/></net>

<net id="129"><net_src comp="109" pin="3"/><net_sink comp="125" pin=0"/></net>

<net id="130"><net_src comp="117" pin="3"/><net_sink comp="125" pin=1"/></net>

<net id="135"><net_src comp="101" pin="3"/><net_sink comp="131" pin=0"/></net>

<net id="136"><net_src comp="32" pin="0"/><net_sink comp="131" pin=1"/></net>

<net id="142"><net_src comp="125" pin="2"/><net_sink comp="137" pin=0"/></net>

<net id="143"><net_src comp="34" pin="0"/><net_sink comp="137" pin=1"/></net>

<net id="144"><net_src comp="131" pin="2"/><net_sink comp="137" pin=2"/></net>

<net id="149"><net_src comp="36" pin="0"/><net_sink comp="145" pin=0"/></net>

<net id="150"><net_src comp="137" pin="3"/><net_sink comp="145" pin=1"/></net>

<net id="155"><net_src comp="91" pin="2"/><net_sink comp="151" pin=0"/></net>

<net id="159"><net_src comp="156" pin="1"/><net_sink comp="64" pin=2"/></net>

<net id="164"><net_src comp="145" pin="2"/><net_sink comp="160" pin=0"/></net>

<net id="165"><net_src comp="42" pin="0"/><net_sink comp="160" pin=1"/></net>

<net id="171"><net_src comp="44" pin="0"/><net_sink comp="166" pin=0"/></net>

<net id="172"><net_src comp="145" pin="2"/><net_sink comp="166" pin=1"/></net>

<net id="173"><net_src comp="28" pin="0"/><net_sink comp="166" pin=2"/></net>

<net id="180"><net_src comp="46" pin="0"/><net_sink comp="174" pin=0"/></net>

<net id="181"><net_src comp="145" pin="2"/><net_sink comp="174" pin=1"/></net>

<net id="182"><net_src comp="30" pin="0"/><net_sink comp="174" pin=2"/></net>

<net id="183"><net_src comp="48" pin="0"/><net_sink comp="174" pin=3"/></net>

<net id="188"><net_src comp="174" pin="4"/><net_sink comp="184" pin=0"/></net>

<net id="189"><net_src comp="50" pin="0"/><net_sink comp="184" pin=1"/></net>

<net id="194"><net_src comp="166" pin="3"/><net_sink comp="190" pin=0"/></net>

<net id="195"><net_src comp="52" pin="0"/><net_sink comp="190" pin=1"/></net>

<net id="200"><net_src comp="184" pin="2"/><net_sink comp="196" pin=0"/></net>

<net id="201"><net_src comp="190" pin="2"/><net_sink comp="196" pin=1"/></net>

<net id="206"><net_src comp="174" pin="4"/><net_sink comp="202" pin=0"/></net>

<net id="207"><net_src comp="54" pin="0"/><net_sink comp="202" pin=1"/></net>

<net id="212"><net_src comp="166" pin="3"/><net_sink comp="208" pin=0"/></net>

<net id="213"><net_src comp="202" pin="2"/><net_sink comp="208" pin=1"/></net>

<net id="219"><net_src comp="196" pin="2"/><net_sink comp="214" pin=0"/></net>

<net id="220"><net_src comp="56" pin="0"/><net_sink comp="214" pin=1"/></net>

<net id="221"><net_src comp="32" pin="0"/><net_sink comp="214" pin=2"/></net>

<net id="226"><net_src comp="196" pin="2"/><net_sink comp="222" pin=0"/></net>

<net id="227"><net_src comp="208" pin="2"/><net_sink comp="222" pin=1"/></net>

<net id="233"><net_src comp="222" pin="2"/><net_sink comp="228" pin=0"/></net>

<net id="234"><net_src comp="214" pin="3"/><net_sink comp="228" pin=1"/></net>

<net id="235"><net_src comp="160" pin="2"/><net_sink comp="228" pin=2"/></net>

<net id="236"><net_src comp="228" pin="3"/><net_sink comp="71" pin=1"/></net>

<net id="240"><net_src comp="60" pin="1"/><net_sink comp="237" pin=0"/></net>

<net id="241"><net_src comp="237" pin="1"/><net_sink comp="77" pin=1"/></net>

<net id="242"><net_src comp="237" pin="1"/><net_sink comp="82" pin=0"/></net>

<net id="243"><net_src comp="237" pin="1"/><net_sink comp="151" pin=1"/></net>

<net id="247"><net_src comp="82" pin="1"/><net_sink comp="244" pin=0"/></net>

<net id="248"><net_src comp="244" pin="1"/><net_sink comp="156" pin=0"/></net>

<net id="252"><net_src comp="85" pin="2"/><net_sink comp="249" pin=0"/></net>

<net id="256"><net_src comp="137" pin="3"/><net_sink comp="253" pin=0"/></net>

<net id="257"><net_src comp="253" pin="1"/><net_sink comp="145" pin=1"/></net>

</net_list>

</model> 
---------------- Datapath Model END ------------------

* FSMD analyzer results:
  - Output states:
	Port: div_table_V | {15 }
 - Input state : 
  - Chain level:
	State 1
		store_ln0 : 1
		p_Val2_2 : 1
		icmp_ln22 : 2
		i : 2
		br_ln22 : 3
		trunc_ln887 : 2
		p_Val2_s : 3
		p_Result_s : 2
		tmp : 2
		overflow : 3
		xor_ln1349 : 4
		select_ln1349 : 4
		sdiv_ln1349 : 5
		store_ln22 : 3
	State 2
	State 3
	State 4
	State 5
	State 6
	State 7
	State 8
	State 9
	State 10
	State 11
	State 12
	State 13
	State 14
	State 15
		real_val_V_2 : 1
		p_Result_1 : 1
		tmp_1 : 1
		icmp_ln924 : 2
		xor_ln941 : 2
		overflow_1 : 3
		icmp_ln942 : 2
		underflow : 3
		select_ln392 : 3
		or_ln392 : 3
		real_val_V : 3
		div_table_V_addr : 1
		store_ln24 : 4


============================================================
+ Verbose Summary: Datapath Resource usage 
============================================================

* Functional unit list:
|----------|----------------------|---------|---------|
| Operation|    Functional Unit   |    FF   |   LUT   |
|----------|----------------------|---------|---------|
|   sdiv   |      grp_fu_145      |   841   |   617   |
|----------|----------------------|---------|---------|
|          | select_ln1349_fu_137 |    0    |    17   |
|  select  |  select_ln392_fu_214 |    0    |    17   |
|          |   real_val_V_fu_228  |    0    |    17   |
|----------|----------------------|---------|---------|
|          |    icmp_ln22_fu_85   |    0    |    11   |
|   icmp   |   icmp_ln924_fu_184  |    0    |    8    |
|          |   icmp_ln942_fu_202  |    0    |    8    |
|----------|----------------------|---------|---------|
|    xor   |   xor_ln1349_fu_131  |    0    |    18   |
|          |   xor_ln941_fu_190   |    0    |    2    |
|----------|----------------------|---------|---------|
|    add   |        i_fu_91       |    0    |    18   |
|----------|----------------------|---------|---------|
|    or    |    overflow_fu_125   |    0    |    2    |
|          |    or_ln392_fu_222   |    0    |    2    |
|----------|----------------------|---------|---------|
|    and   |   overflow_1_fu_196  |    0    |    2    |
|          |   underflow_fu_208   |    0    |    2    |
|----------|----------------------|---------|---------|
|   trunc  |   trunc_ln887_fu_97  |    0    |    0    |
|----------|----------------------|---------|---------|
|bitconcatenate|    p_Val2_s_fu_101   |    0    |    0    |
|----------|----------------------|---------|---------|
|          |   p_Result_s_fu_109  |    0    |    0    |
| bitselect|      tmp_fu_117      |    0    |    0    |
|          |   p_Result_1_fu_166  |    0    |    0    |
|----------|----------------------|---------|---------|
|   zext   | v_assign_cast_fu_156 |    0    |    0    |
|----------|----------------------|---------|---------|
|    shl   |  real_val_V_2_fu_160 |    0    |    0    |
|----------|----------------------|---------|---------|
|partselect|     tmp_1_fu_174     |    0    |    0    |
|----------|----------------------|---------|---------|
|   Total  |                      |   841   |   741   |
|----------|----------------------|---------|---------|

Memories:
N/A

* Register list:
+---------------------+--------+
|                     |   FF   |
+---------------------+--------+
|  icmp_ln22_reg_249  |    1   |
|   p_Val2_1_reg_237  |   11   |
|   p_Val2_2_reg_244  |   11   |
|select_ln1349_reg_253|   18   |
+---------------------+--------+
|        Total        |   41   |
+---------------------+--------+

* Multiplexer (MUX) list: 
|------------|------|------|------|--------||---------||---------|
|    Comp    |  Pin | Size |  BW  | S x BW ||  Delay  ||   LUT   |
|------------|------|------|------|--------||---------||---------|
| grp_fu_145 |  p1  |   2  |  18  |   36   ||    9    |
|------------|------|------|------|--------||---------||---------|
|    Total   |      |      |      |   36   ||  0.427  ||    9    |
|------------|------|------|------|--------||---------||---------|



* Summary:
+-----------+--------+--------+--------+
|           |  Delay |   FF   |   LUT  |
+-----------+--------+--------+--------+
|  Function |    -   |   841  |   741  |
|   Memory  |    -   |    -   |    -   |
|Multiplexer|    0   |    -   |    9   |
|  Register |    -   |   41   |    -   |
+-----------+--------+--------+--------+
|   Total   |    0   |   882  |   750  |
+-----------+--------+--------+--------+
